0 info it worked if it ends with ok
1 verbose cli [ 'C:\\Program Files\\nodejs\\node.exe',
1 verbose cli   'C:\\Program Files\\nodejs\\node_modules\\npm\\bin\\npm-cli.js',
1 verbose cli   'start' ]
2 info using npm@3.10.10
3 info using node@v6.11.0
4 verbose run-script [ 'prestart', 'start', 'poststart' ]
5 info lifecycle black-horse-vue-cms@1.0.0~prestart: black-horse-vue-cms@1.0.0
6 silly lifecycle black-horse-vue-cms@1.0.0~prestart: no script for prestart, continuing
7 info lifecycle black-horse-vue-cms@1.0.0~start: black-horse-vue-cms@1.0.0
8 verbose lifecycle black-horse-vue-cms@1.0.0~start: unsafe-perm in lifecycle true
9 verbose lifecycle black-horse-vue-cms@1.0.0~start: PATH: C:\Program Files\nodejs\node_modules\npm\bin\node-gyp-bin;C:\Users\JIANG\Desktop\black-horse-vue-cms\node_modules\.bin;C:\Users\JIANG\bin;C:\Program Files\Git\mingw64\bin;C:\Program Files\Git\usr\local\bin;C:\Program Files\Git\usr\bin;C:\Program Files\Git\usr\bin;C:\Program Files\Git\mingw64\bin;C:\Program Files\Git\usr\bin;C:\Users\JIANG\bin;C:\Program Files (x86)\Java\jdk1.7.0_51\bin;C:\Windows\system32;C:\Windows;C:\Windows\System32\Wbem;C:\Windows\System32\WindowsPowerShell\v1.0;C:\Program Files (x86)\NVIDIA Corporation\PhysX\Common;C:\Program Files (x86)\Microsoft SQL Server\100\Tools\Binn;C:\Program Files\Microsoft SQL Server\100\Tools\Binn;C:\Program Files\Microsoft SQL Server\100\DTS\Binn;C:\Program Files (x86)\Microsoft SQL Server\100\Tools\Binn\VSShell\Common7\IDE;C:\Program Files (x86)\Microsoft SQL Server\100\DTS\Binn\C;C:\Program Files\Git\Users\JIANG\Desktop\nodejs;C:\Program Files\nodejs;E:\WAMP\MySql\bin;E:\WAMP\Apache\bin;C:\Program Files (x86)\Java\jdk1.7.0_51;C:\Program Files\nodejs;C:\Program Files\Git\usr\bin\bash.exe;C:\Program Files\MongoDB\Server\3.4\bin;C:\Users\JIANG\AppData\Roaming\npm;E:\就业班软件\dev\Microsoft VS Code\bin;C:\Program Files\Git\usr\bin\vendor_perl;C:\Program Files\Git\usr\bin\core_perl
10 verbose lifecycle black-horse-vue-cms@1.0.0~start: CWD: C:\Users\JIANG\Desktop\black-horse-vue-cms
11 silly lifecycle black-horse-vue-cms@1.0.0~start: Args: [ '/d /s /c', 'npm run dev' ]
12 silly lifecycle black-horse-vue-cms@1.0.0~start: Returned: code: 1  signal: null
13 info lifecycle black-horse-vue-cms@1.0.0~start: Failed to exec start script
14 verbose stack Error: black-horse-vue-cms@1.0.0 start: `npm run dev`
14 verbose stack Exit status 1
14 verbose stack     at EventEmitter.<anonymous> (C:\Program Files\nodejs\node_modules\npm\lib\utils\lifecycle.js:255:16)
14 verbose stack     at emitTwo (events.js:106:13)
14 verbose stack     at EventEmitter.emit (events.js:191:7)
14 verbose stack     at ChildProcess.<anonymous> (C:\Program Files\nodejs\node_modules\npm\lib\utils\spawn.js:40:14)
14 verbose stack     at emitTwo (events.js:106:13)
14 verbose stack     at ChildProcess.emit (events.js:191:7)
14 verbose stack     at maybeClose (internal/child_process.js:891:16)
14 verbose stack     at Process.ChildProcess._handle.onexit (internal/child_process.js:226:5)
15 verbose pkgid black-horse-vue-cms@1.0.0
16 verbose cwd C:\Users\JIANG\Desktop\black-horse-vue-cms
17 error Windows_NT 10.0.10586
18 error argv "C:\\Program Files\\nodejs\\node.exe" "C:\\Program Files\\nodejs\\node_modules\\npm\\bin\\npm-cli.js" "start"
19 error node v6.11.0
20 error npm  v3.10.10
21 error code ELIFECYCLE
22 error black-horse-vue-cms@1.0.0 start: `npm run dev`
22 error Exit status 1
23 error Failed at the black-horse-vue-cms@1.0.0 start script 'npm run dev'.
23 error Make sure you have the latest version of node.js and npm installed.
23 error If you do, this is most likely a problem with the black-horse-vue-cms package,
23 error not with npm itself.
23 error Tell the author that this fails on your system:
23 error     npm run dev
23 error You can get information on how to open an issue for this project with:
23 error     npm bugs black-horse-vue-cms
23 error Or if that isn't available, you can get their info via:
23 error     npm owner ls black-horse-vue-cms
23 error There is likely additional logging output above.
24 verbose exit [ 1, true ]
